
========================================
Calculating gyro offsets
DO NOT MOVE MPU6050...
Done!
X : -2.49
Y : -1.07
Z : 0.99
Program will start after 3 seconds
========================================
0,11.64
3,11.40
6,11.16
9,10.92
12,10.70
15,10.48
19,10.26
22,10.06
25,9.86
29,9.66
33,9.46
42,9.28
52,9.09
61,8.89
71,8.68
80,8.49
89,8.29
98,8.11
107,7.94
119,7.78
129,7.63
139,7.47
149,7.32
160,7.16
170,7.00
181,6.84
191,6.68
202,6.54
212,6.39
222,6.25
232,6.12
243,6.00
254,5.88
264,5.74
274,5.59
285,5.42
295,5.25
305,5.10
316,4.93
327,4.75
337,4.52
347,4.36
357,4.13
367,3.75
379,3.46
389,3.15
399,2.88
409,2.68
420,2.49
430,2.34
440,2.20
451,2.11
462,2.08
472,2.01
482,1.97
492,1.92
503,1.86
514,1.75
524,1.61
534,1.49
545,1.37
555,1.27
565,1.26
575,1.25
587,1.25
597,1.26
607,1.20
617,1.11
628,0.98
638,0.83
649,0.68
659,0.52
670,0.24
680,0.09
690,-0.03
701,-0.19
714,-0.41
725,-0.71
736,-1.06
747,-1.35
759,-1.72
770,-2.04
782,-2.42
793,-2.82
805,-3.18
816,-3.46
827,-3.72
839,-4.02
851,-4.31
862,-4.60
873,-4.83
885,-5.09
896,-5.34
907,-5.56
919,-5.76
931,-5.94
942,-6.31
953,-6.57
964,-6.76
977,-6.70
988,-6.79
999,-6.93
1011,-7.12
1023,-7.34
1035,-7.53
1048,-7.74
1061,-7.88
1073,-8.09
1085,-8.05
1098,-8.03
1111,-8.02
1123,-8.01
1135,-8.05
1148,-8.11
1160,-8.15
1172,-8.17
1186,-8.13
1198,-8.02
1210,-7.95
1223,-7.95
1235,-7.95
1248,-7.86
1260,-7.81
1273,-7.85
1285,-7.83
1297,-7.79
1311,-7.65
1323,-7.48
1335,-7.21
1347,-6.80
1360,-6.46
1372,-6.26
1385,-6.03
1398,-5.83
1410,-5.66
1422,-5.57
1434,-5.43
1448,-5.27
1460,-5.03
1472,-4.69
1485,-4.12
1497,-3.57
1510,-3.15
1523,-2.82
1535,-2.61
1547,-2.41
1559,-2.26
1572,-2.07
1585,-1.93
1597,-1.83
1610,-1.76
1622,-1.72
1634,-1.67
1647,-1.57
1660,-1.42
1672,-1.37
1684,-1.35
1697,-1.37
1710,-1.37
1722,-1.33
1735,-1.24
1747,-1.16
1759,-1.09
1771,-1.03
1785,-0.94
1797,-0.84
1809,-0.74
1822,-0.57
1834,-0.37
1847,-0.16
1859,0.06
1871,0.25
1882,0.37
1893,0.44
1905,0.47
1917,0.48
1928,0.53
1939,0.59
1951,0.66
1962,0.73
1973,0.78
1985,0.80
1997,0.87
2008,0.89
2019,0.89
2030,0.90
2043,0.89
2054,0.91
2065,0.92
2077,0.94
2088,0.96
2099,0.98
2111,1.01
2123,1.04
2134,1.08
2145,1.12
2156,1.16
2168,1.22
2180,1.26
2191,1.28
2202,1.26
2214,1.20
2225,1.14
2236,1.07
2249,1.00
2260,0.95
2271,0.90
2282,0.83
2294,0.72
2305,0.64
2317,0.58
2328,0.55
2340,0.52
2351,0.48
2362,0.40
2375,0.29
2386,0.17
2397,0.06
2408,-0.07
2421,-0.22
2433,-0.36
2446,-0.55
2458,-0.73
2471,-0.89
2483,-1.02
2495,-1.07
2509,-1.16
2521,-1.23
2533,-1.36
2546,-1.50
2558,-1.61
2570,-1.76
2583,-1.86
2596,-1.93
2608,-1.96
2620,-2.01
2633,-2.08
2646,-2.13
2658,-2.21
2670,-2.27
2683,-2.34
2695,-2.45
2708,-2.64
2721,-2.83
2733,-2.95
2745,-3.03
2757,-3.18
2770,-3.32
2783,-3.46
2795,-3.59
2808,-3.75
2820,-3.89
2832,-4.04
2846,-4.20
2858,-4.35
2870,-4.47
2882,-4.60
2895,-4.71
2908,-4.88
2920,-5.03
2933,-5.17
2945,-5.28
2957,-5.36
2969,-5.41
2983,-5.43
2995,-5.44
3007,-5.45
3020,-5.44
3032,-5.44
3045,-5.44
3058,-5.45
3070,-5.45
3082,-5.48
3094,-5.48
3108,-5.48
3120,-5.46
3132,-5.42
3145,-5.34
3157,-5.19
3169,-4.91
3182,-4.79
3195,-4.81
3207,-4.83
3219,-4.85
3232,-4.83
3245,-4.80
3257,-4.64
3269,-4.26
3282,-3.80
3294,-3.44
3307,-3.35
3320,-3.31
3332,-3.28
3344,-3.19
3357,-3.05
3369,-2.84
3382,-2.58
3394,-2.27
3407,-1.88
3419,-1.55
3431,-1.41
3445,-1.31
3457,-1.27
3469,-1.23
3481,-1.16
3494,-1.06
3507,-0.90
3519,-0.71
3532,-0.42
3544,-0.17
3556,-0.03
3569,0.07
3581,0.14
3592,0.19
3603,0.18
3615,0.19
3626,0.28
3637,0.39
3649,0.50
3661,0.56
3672,0.59
3683,0.57
3694,0.61
3707,0.66
3718,0.76
3729,0.85
3741,0.96
3752,1.03
3763,1.08
3775,1.16
3787,1.27
3798,1.34
3809,1.40
3820,1.48
3832,1.60
3844,1.75
3855,1.92
3866,2.04
3878,2.08
3889,2.11
3900,2.13
3913,2.15
3924,2.18
3935,2.21
3946,2.27
3958,2.38
3969,2.47
3981,2.55
3992,2.58
4004,2.62
4015,2.64
4026,2.66
4039,2.67
4050,2.68
4061,2.67
4072,2.68
4084,2.69
4095,2.69
4107,2.70
4118,2.68
4130,2.68
4141,2.68
4152,2.70
4163,2.72
4176,2.74
4187,2.76
4198,2.76
4210,2.72
4221,2.67
4232,2.60
4244,2.54
4256,2.45
4267,2.37
4278,2.28
4289,2.18
4301,2.07
4313,1.97
4324,1.87
4335,1.77
4347,1.70
4358,1.61
4369,1.54
4382,1.42
4393,1.32
4404,1.20
4415,1.08
4427,0.96
4439,0.84
4450,0.76
4461,0.67
4473,0.57
4484,0.50
4495,0.45
4508,0.40
4519,0.27
4530,0.12
4541,-0.03
4554,-0.23
4566,-0.42
4579,-0.64
4591,-0.88
4604,-1.02
4616,-1.14
4628,-1.21
4642,-1.38
4654,-1.52
4666,-1.72
4679,-1.86
4691,-1.98
4704,-2.07
4716,-2.16
4729,-2.24
4741,-2.31
4753,-2.34
4766,-2.41
4779,-2.46
4791,-2.58
4803,-2.71
4816,-2.79
4828,-2.84
4841,-2.86
4854,-2.90
4866,-2.93
4878,-3.00
4890,-3.11
4904,-3.27
4916,-3.45
4928,-3.63
4941,-3.81
4953,-3.89
4965,-3.91
4979,-3.86
4991,-3.75
5003,-3.63
5015,-3.51
5028,-3.38
5041,-3.32
5053,-3.31
5066,-3.34
5078,-3.41
5090,-3.51
5103,-3.61
5116,-3.68
5128,-3.74
5140,-3.76
5153,-3.70
5165,-3.60
5178,-3.55
5191,-3.51
5203,-3.48
5215,-3.42
5227,-3.34
5241,-3.18
5253,-2.87
5265,-2.45
5278,-2.06
5290,-1.92
5303,-1.87
5315,-1.80
5328,-1.70
5340,-1.59
5352,-1.38
5365,-1.07
5378,-0.78
5390,-0.57
5402,-0.50
5415,-0.47
5427,-0.46
5440,-0.40
5453,-0.34
5465,-0.32
5477,-0.27
5490,-0.20
5503,-0.13
5515,-0.07
5527,-0.02
5540,0.04
5551,0.05
5562,0.05
5575,0.12
5586,0.19
5597,0.36
5608,0.57
5620,0.73
5631,0.88
5643,1.02
5654,1.17
5666,1.32
5677,1.45
5688,1.60
5699,1.72
5712,1.82
5723,1.86
5734,1.93
5746,1.98
5757,2.04
5769,2.06
5780,2.06
5792,2.10
5803,2.18
5814,2.33
5825,2.50
5838,2.66
5849,2.76
5860,2.77
5871,2.79
5883,2.83
5894,2.90
5906,3.02
5918,3.13
5929,3.16
5940,3.15
5951,3.13
5963,3.11
5975,3.10
5986,3.09
5997,3.08
6009,3.06
6020,3.03
6031,3.02
6044,2.98
6055,2.96
6066,2.94
6077,2.93
6089,2.92
6100,2.91
6112,2.91
6123,2.89
6135,2.85
6146,2.79
6157,2.74
6169,2.65
6181,2.60
6192,2.56
6203,2.51
6215,2.46
6226,2.41
6238,2.34
6249,2.26
6261,2.17
6272,2.09
6283,2.01
6294,1.93
6307,1.85
6318,1.76
6329,1.69
6340,1.60
6352,1.49
6363,1.39
6375,1.32
6387,1.22
6398,1.14
6409,1.08
6420,1.06
6432,1.08
6444,1.15
6455,1.25
6466,1.28
6478,1.17
6489,1.01
6501,0.79
6513,0.58
6524,0.45
6535,0.29
6546,0.10
6558,-0.13
6571,-0.31
6583,-0.46
6595,-0.62
6608,-0.81
6620,-0.97
6632,-1.09
6646,-1.15
6658,-1.25
6670,-1.37
6682,-1.49
6695,-1.60
6708,-1.70
6720,-1.80
6733,-1.95
6745,-2.07
6757,-2.18
6771,-2.32
6783,-2.42
6795,-2.55
6807,-2.69
6820,-2.84
6832,-2.95
6845,-3.01
6858,-3.11
6870,-3.22
6882,-3.32
6894,-3.40
6908,-3.45
6920,-3.52
6932,-3.63
6945,-3.81
6957,-3.93
6970,-4.03
6983,-4.10
6995,-4.18
7007,-4.26
7019,-4.31
7032,-4.36
7045,-4.39
7057,-4.39
7070,-4.35
7082,-4.30
7094,-4.26
7107,-4.18
7120,-4.13
7132,-4.08
7144,-4.08
7157,-4.07
7170,-4.06
7182,-4.04
7194,-4.02
7207,-3.99
7219,-3.88
7231,-3.75
7245,-3.56
7257,-3.32
7269,-3.12
7282,-3.08
7294,-3.08
7307,-3.08
7319,-2.96
7332,-2.74
7344,-2.43
7356,-2.06
7370,-1.72
7382,-1.50
7394,-1.40
7406,-1.41
7419,-1.41
7431,-1.37
7444,-1.24
7457,-1.05
7469,-0.81
7481,-0.55
7493,-0.15
7507,0.14
7518,0.29
7529,0.33
7541,0.28
7552,0.21
7563,0.19
7575,0.29
7587,0.43
7598,0.63
7609,0.90
7620,1.11
7633,1.17
7644,1.18
7655,1.20
7667,1.23
7678,1.26
7689,1.31
7701,1.35
7713,1.39
7724,1.41
7735,1.43
7746,1.44
7758,1.45
7770,1.49
7781,1.51
7793,1.55
7804,1.57
7815,1.58
7826,1.58
7839,1.59
7850,1.60
7861,1.63
7872,1.68
7884,1.77
7895,1.84
7907,1.92
7918,2.00
7930,2.05
7941,2.06
7952,2.05
7964,2.06
7976,2.06
7987,2.05
7998,2.05
8010,2.06
8021,2.08
8033,2.11
8044,2.11
8056,2.09
8067,2.06
8078,2.03
8089,2.01
8102,1.97
8113,1.92
8124,1.85
8136,1.78
8147,1.72
8158,1.65
8170,1.59
8182,1.53
8193,1.47
8204,1.40
8215,1.34
8227,1.28
8239,1.23
8250,1.13
8261,1.02
8273,0.85
8284,0.72
8295,0.62
8308,0.53
8319,0.42
8330,0.31
8341,0.20
8353,0.06
8365,-0.05
8377,-0.19
8389,-0.35
8402,-0.50
8414,-0.61
8426,-0.75
8440,-0.89
8452,-1.06
8464,-1.25
8477,-1.47
8489,-1.73
8502,-1.98
8514,-2.20
8527,-2.44
8539,-2.66
8551,-2.84
8565,-3.01
8577,-3.14
8589,-3.32
8601,-3.54
8614,-3.68
8626,-3.83
8639,-3.95
8652,-4.09
8664,-4.20
8676,-4.31
8689,-4.46
8702,-4.59
8714,-4.73
8726,-4.83
8739,-4.95
8751,-5.05
8764,-5.10
8777,-5.11
8789,-5.06
8801,-4.99
8813,-4.87
8826,-4.79
8839,-4.74
8851,-4.74
8864,-4.77
8876,-4.80
8888,-4.82
8901,-4.84
8914,-4.83
8926,-4.82
8938,-4.82
8951,-4.83
8964,-4.83
8976,-4.85
8989,-4.90
9001,-4.95
9013,-5.01
9025,-5.07
9039,-5.11
9051,-5.11
9063,-5.10
9076,-5.06
9088,-5.00
9101,-4.95
9113,-4.90
9126,-4.87
9138,-4.87
9150,-4.87
9164,-4.88
9176,-4.87
9188,-4.85
9201,-4.81
9213,-4.77
9225,-4.72
9238,-4.65
9251,-4.58
9263,-4.52
9275,-4.47
9288,-4.37
9301,-4.23
9313,-4.06
9325,-3.77
9338,-3.18
9350,-2.55
9363,-1.90
9376,-1.33
9388,-1.08
9400,-1.07
9412,-1.14
9425,-1.22
9438,-1.30
9450,-1.38
9463,-1.43
9475,-1.41
9487,-1.36
9501,-1.31
9513,-1.30
9525,-1.32
9537,-1.33
9550,-1.24
9563,-1.07
9575,-0.85
9588,-0.58
9600,-0.21
9612,0.05
9623,0.18
9636,0.27
9647,0.31
9658,0.35
9669,0.39
9681,0.43
9692,0.45
9704,0.48
9716,0.54
9727,0.63
9738,0.80
9749,0.97
9761,1.05
9773,1.00
9784,0.92
9795,0.84
9807,0.82
9818,0.84
9830,0.90
9842,1.03
9853,1.20
9864,1.40
9875,1.56
9887,1.58
9899,1.57
9910,1.48
9921,1.41
9933,1.36
9944,1.37
9955,1.37
9967,1.38
9979,1.38
9990,1.40
10001,1.45
10014,1.53
10026,1.60
10039,1.56
10051,1.51
10064,1.45
10076,1.42
10088,1.40
10102,1.44
10114,1.47
10126,1.54
10138,1.59
10151,1.57
10164,1.54
10176,1.50
10189,1.48
10201,1.46
10213,1.45
10226,1.42
10239,1.36
10251,1.25
10263,1.16
10276,1.05
10288,0.97
10301,0.92
10314,0.83
10326,0.73
10338,0.63
10350,0.54
10364,0.45
10376,0.40
10388,0.38
10401,0.37
10413,0.35
10425,0.33
10439,0.27
10451,0.13
10463,0.03
10475,-0.07
10489,-0.23
10503,-0.31
10516,-0.52
10530,-0.79
10543,-1.01
10556,-1.15
10571,-1.20
10584,-1.28
10597,-1.50
10611,-1.69
10624,-1.84
10638,-1.95
10652,-2.11
10665,-2.22
10678,-2.37
10691,-2.52
10706,-2.66
10719,-2.78
10732,-2.85
10746,-2.87
10759,-2.89
10773,-2.94
10787,-3.01
10800,-3.03
10813,-3.02
10828,-3.08
10841,-3.20
10854,-3.37
10868,-3.56
10881,-3.68
10895,-3.82
10909,-3.93
10922,-4.03
10935,-4.11
10948,-4.22
10963,-4.37
10976,-4.47
10989,-4.59
11003,-4.69
11016,-4.83
11030,-4.99
11044,-5.17
11057,-5.25
11070,-5.31
11084,-5.35
11098,-5.40
11111,-5.45
11125,-5.48
11138,-5.49
11151,-5.49
11166,-5.38
11179,-5.19
11192,-5.10
11205,-5.02
11219,-4.92
11233,-4.72
11246,-4.28
11260,-3.64
11273,-3.07
11286,-2.65
11301,-2.39
11314,-2.25
11327,-2.18
11341,-2.12
11354,-2.02
11368,-1.86
11382,-1.63
11395,-1.43
11408,-1.20
11422,-0.99
11436,-0.81
11449,-0.71
11463,-0.64
11476,-0.60
11489,-0.50
11503,-0.36
11517,-0.21
11530,-0.15
11543,-0.18
11557,-0.14
11571,-0.04
11584,0.13
11597,0.37
11609,0.54
11621,0.63
11635,0.68
11647,0.67
11659,0.66
11671,0.75
11684,0.87
11697,0.95
11709,1.01
11722,1.04
11734,1.08
11746,1.10
11759,1.12
11772,1.13
11784,1.15
11796,1.19
11809,1.25
11821,1.30
11834,1.37
11847,1.46
11859,1.50
11871,1.53
11883,1.50
11897,1.53
11909,1.56
11921,1.63
11934,1.65
11946,1.70
11959,1.74
11971,1.75
11984,1.75
11996,1.73
12008,1.72
12021,1.74
12034,1.76
12046,1.76
12058,1.70
12071,1.65
12083,1.62
12096,1.59
12109,1.59
12121,1.57
12133,1.53
12146,1.46
12159,1.42
12171,1.39
12183,1.39
12196,1.37
12208,1.26
12220,1.17
12234,1.04
12246,0.90
12258,0.72
12270,0.54
12283,0.39
12296,0.26
12308,0.15
12321,0.05
12333,-0.04
12346,-0.19
12361,-0.34
12374,-0.45
12387,-0.59
12401,-0.73
12414,-0.87
12428,-0.99
12441,-1.15
12455,-1.37
12468,-1.63
12481,-1.85
12496,-2.01
12509,-2.11
12522,-2.21
12536,-2.38
12549,-2.54
12563,-2.70
12577,-2.84
12590,-2.90
12603,-2.95
12617,-2.97
12631,-3.02
12644,-3.09
12658,-3.23
12671,-3.36
12684,-3.46
12698,-3.52
12712,-3.54
12725,-3.57
12738,-3.61
12752,-3.67
12766,-3.73
12779,-3.79
12793,-3.82
12806,-3.89
12819,-3.94
12834,-3.96
12847,-3.95
12860,-3.91
12874,-3.90
12887,-3.90
12901,-3.92
12915,-3.91
12928,-3.89
12941,-3.90
12954,-3.90
12969,-3.90
12982,-3.88
12995,-3.87
13009,-3.87
13022,-3.81
13036,-3.74
13050,-3.63
13063,-3.35
13076,-2.72
13091,-2.04
13104,-1.65
13117,-1.33
13131,-1.30
13144,-1.25
13158,-1.14
13172,-1.01
13185,-0.84
13198,-0.58
13212,-0.34
13226,-0.24
13239,-0.11
13252,0.03
13265,0.17
13277,0.34
13290,0.58
13303,0.83
13315,0.91
13327,1.02
13340,1.13
13352,1.24
13365,1.36
13377,1.50
13390,1.63
13402,1.73
13414,1.82
13428,1.92
13440,2.02
13452,2.12
13464,2.20
13477,2.29
13490,2.35
13502,2.40
13515,2.46
13527,2.53
13539,2.61
13551,2.66
13565,2.72
13577,2.76
13589,2.81
13602,2.85
13614,2.90
13627,2.94
13640,2.99
13652,2.98
13664,2.97
13676,2.94
13690,2.94
13702,2.96
13714,3.01
13727,3.08
13739,3.13
13751,3.16
13764,3.22
13777,3.26
13789,3.27
13801,3.17
13814,3.14
13827,3.15
13839,3.22
13852,3.30
13864,3.33
13876,3.31
13889,3.29
13902,3.27
13914,3.25
13926,3.23
13939,3.23
13951,3.21
13964,3.10
13976,2.97
13989,2.90
14001,2.85
14013,2.84
14027,2.78
14039,2.66
14051,2.53
14063,2.37
14076,2.25
14089,2.17
14101,2.07
14114,1.91
14126,1.75
14138,1.63
14151,1.44
14164,1.29
14176,1.20
14188,1.10
14201,1.01
14213,0.90
14226,0.76
14239,0.63
14251,0.48
14263,0.34
14275,0.23
14289,0.06
14301,-0.11
14314,-0.26
14328,-0.38
14341,-0.43
14355,-0.46
14369,-0.48
14382,-0.48
14395,-0.46
14409,-0.44
14423,-0.44
14436,-0.55
14450,-0.70
14463,-0.87
14476,-1.04
14490,-1.23
14504,-1.40
14517,-1.59
14530,-1.72
14544,-1.85
14558,-1.94
14571,-2.06
14585,-2.20
14598,-2.30
14611,-2.37
14626,-2.44
14639,-2.50
14652,-2.57
14666,-2.73
14679,-2.85
14693,-2.96
14707,-2.99
14720,-3.01
14733,-3.00
14746,-2.98
14761,-2.95
14774,-2.89
14787,-2.84
14801,-2.80
14814,-2.78
14828,-2.74
14842,-2.69
14855,-2.63
14868,-2.51
14882,-2.24
14896,-1.85
14909,-1.70
14923,-1.56
14936,-1.45
14949,-1.27
14964,-0.95
14977,-0.56
14990,-0.19
15004,0.09
15016,0.26
15029,0.45
15041,0.62
15054,0.79
15066,0.95
15078,1.13
15092,1.36
15104,1.58
15116,1.71
15128,1.86
15141,1.95
15154,2.07
15166,2.15
15179,2.18
15191,2.25
15203,2.35
15215,2.49
15229,2.62
15241,2.70
15253,2.78
15266,2.91
15278,2.99
15291,3.09
15304,3.23
15316,3.40
15328,3.59
15340,3.75
15354,3.92
15366,4.03
15378,4.14
15391,4.25
15403,4.39
15415,4.52
15428,4.66
15441,4.78
15453,4.89
15465,4.97
15478,5.01
15491,5.05
15503,5.06
15516,5.08
15528,5.12
15540,5.27
15553,5.33
15566,5.41
15578,5.48
15590,5.54
15603,5.59
15615,5.63
15628,5.67
15640,5.72
15653,5.75
15665,5.80
15677,5.84
15691,6.01
15703,6.20
15715,6.26
15727,6.19
15740,6.11
15753,6.04
15765,5.97
15778,5.88
15790,5.78
15802,5.67
15815,5.57
15828,5.52
15840,5.44
15852,5.34
15865,5.23
15877,5.13
15890,5.02
15903,4.90
15915,4.78
15927,4.66
15939,4.52
15953,4.42
15965,4.33
15977,4.25
15990,4.17
16002,4.06
16014,3.95
16028,3.79
16040,3.62
16052,3.46
16064,3.30
16077,3.12
16090,2.94
16102,2.79
16115,2.64
16127,2.49
16139,2.36
16152,2.22
16165,2.07
16177,1.92
16189,1.74
16202,1.55
16214,1.34
16227,1.11
16239,0.80
16252,0.46
16264,0.16
16276,-0.10
16291,-0.36
16304,-0.51
16317,-0.68
16331,-0.87
16344,-1.00
16358,-1.10
16372,-1.18
16385,-1.25
16398,-1.34
16412,-1.44
16426,-1.56
16439,-1.70
16452,-1.83
16466,-1.92
16479,-1.99
16493,-2.06
16507,-2.13
16520,-2.23
16533,-2.32
16547,-2.43
16561,-2.56
16574,-2.67
16588,-2.75
16601,-2.77
16614,-2.77
16629,-2.76
16642,-2.78
16655,-2.81
16669,-2.88
16682,-2.91
16696,-2.92
16709,-2.90
16723,-2.86
16736,-2.84
16749,-2.86
16764,-2.87
16777,-2.91
16790,-2.95
16804,-2.96
16818,-2.95
16831,-2.92
16845,-2.85
16858,-2.76
16871,-2.62
16886,-2.51
16899,-2.45
16912,-2.39
16926,-2.28
16939,-2.12
16953,-1.82
16967,-1.18
16980,-0.55
16993,-0.26
17006,-0.09
17021,0.04
17033,0.14
17045,0.26
17058,0.42
17070,0.57
17082,0.72
17096,0.84
17108,0.93
17120,1.03
17132,1.13
17145,1.29
17158,1.54
17170,1.78
17183,2.01
17195,2.21
17207,2.39
17220,2.55
17233,2.72
17245,2.93
17257,3.07
17270,3.15
17282,3.21
17295,3.27
17308,3.34
17320,3.44
17332,3.56
17344,3.70
17358,3.79
17370,3.83
17382,3.82
17395,3.84
17407,3.86
17420,3.88
17432,3.90
17445,3.95
17457,3.99
17469,4.04
17482,4.11
17495,4.15
17507,4.18
17519,4.17
17532,4.18
17544,4.19
17557,4.21
17570,4.22
17582,4.23
17594,4.23
17607,4.22
17620,4.20
17632,4.20
17644,4.19
17657,4.19
17669,4.18
17681,4.17
17695,4.12
17707,4.08
17719,4.05
17731,4.01
17744,3.96
17757,3.90
17769,3.84
17782,3.77
17794,3.71
17806,3.66
17820,3.56
17832,3.44
17844,3.33
17856,3.26
17869,3.18
17881,3.09
17894,2.95
17907,2.77
17919,2.59
17931,2.42
17943,2.26
17957,2.13
17969,2.04
17981,1.95
17994,1.90
18006,1.82
18019,1.71
18031,1.55
18044,1.38
18056,1.22
18068,1.04
18081,0.87
18094,0.69
18106,0.52
18119,0.36
18131,0.20
18143,-0.03
18157,-0.27
18171,-0.53
18184,-0.74
18197,-0.96
18211,-1.14
18225,-1.26
18238,-1.33
18252,-1.40
18265,-1.47
18278,-1.56
18293,-1.67
18306,-1.78
18319,-1.92
18333,-2.09
18346,-2.26
18360,-2.43
18373,-2.59
18387,-2.77
18400,-2.89
18413,-3.07
18428,-3.33
18441,-3.55
18454,-3.77
18468,-3.94
18482,-4.04
18495,-4.11
18509,-4.18
18522,-4.26
18535,-4.32
18550,-4.37
18563,-4.38
18576,-4.38
18590,-4.40
18603,-4.43
18617,-4.48
18631,-4.52
18644,-4.54
18657,-4.55
18670,-4.56
18685,-4.57
18698,-4.58
18711,-4.58
18725,-4.57
18738,-4.57
18752,-4.55
18766,-4.57
18779,-4.54
18792,-4.48
18806,-4.34
18820,-4.15
18833,-3.90
18847,-3.69
18860,-3.50
18873,-3.29
18888,-3.03
18901,-2.64
18914,-2.16
18927,-1.68
18941,-1.35
18955,-1.16
18968,-1.00
18982,-0.77
18995,-0.41
19008,0.00
19022,0.46
19034,0.80
19046,1.09
19059,1.40
19071,1.67
19084,1.92
19096,2.09
19109,2.21
19121,2.28
19133,2.42
19146,2.59
19159,2.75
19171,2.96
19183,3.12
19196,3.22
19208,3.32
19221,3.39
19234,3.47
19246,3.58
19258,3.73
19271,3.95
19284,4.12
19296,4.15
19308,4.20
19321,4.22
19333,4.25
19345,4.30
19359,4.36
19371,4.40
19383,4.41
19395,4.41
19408,4.43
19421,4.45
19433,4.47
19446,4.50
19458,4.53
19470,4.57
19484,4.60
19496,4.62
19508,4.61
19520,4.58
19533,4.54
19545,4.47
19558,4.38
19571,4.29
19583,4.22
19595,4.12
19607,4.04
19621,3.96
19633,3.90
19645,3.83
19658,3.74
19670,3.63
19683,3.51
19695,3.40
19708,3.25
19720,3.14
19732,3.00
19745,2.85
19758,2.65
19770,2.50
19783,2.31
19795,2.12
19807,1.93
19820,1.77
19833,1.59
19845,1.46
19857,1.37
19870,1.30
19883,1.19
19895,1.08
19907,0.95
19920,0.82
19932,0.72
19944,0.62
19958,0.50
19970,0.36
19982,0.22
19994,0.03
20007,-0.16
20021,-0.32
20034,-0.48
20048,-0.63
20061,-0.77
20074,-0.98
20089,-1.22
20102,-1.46
20115,-1.84
20129,-2.23
20142,-2.53
20156,-2.76
20170,-2.93
20183,-3.06
20196,-3.14
20210,-3.19
20224,-3.24
20237,-3.30
20250,-3.39
20264,-3.51
20277,-3.65
20291,-3.76
20305,-3.85
20318,-3.93
20331,-4.03
20346,-4.15
20359,-4.26
20372,-4.35
20386,-4.44
20399,-4.47
20413,-4.50
20427,-4.51
20440,-4.48
20453,-4.47
20467,-4.45
20481,-4.45
20494,-4.41
20508,-4.35
20521,-4.27
20534,-4.16
20548,-4.04
20562,-3.91
20575,-3.77
20588,-3.55
20602,-3.38
20616,-3.21
20629,-3.01
20643,-2.79
20656,-2.53
20669,-2.22
20684,-1.98
20697,-1.79
20710,-1.65
20724,-1.41
20737,-1.11
20751,-0.82
20765,-0.59
20778,-0.39
20791,-0.23
20804,-0.06
20819,0.17
20831,0.31
20843,0.45
20856,0.60
20868,0.77
20881,0.96
20894,1.19
20906,1.35
20918,1.48
20930,1.59
20943,1.69
20956,1.80
20968,1.88
20981,1.99
20993,2.10
21005,2.24
21018,2.45
21031,2.68
21043,2.87
21055,3.04
21068,3.24
21081,3.43
21093,3.56
21106,3.58
21118,3.59
21130,3.60
21142,3.61
21156,3.65
21168,3.68
21180,3.69
21193,3.72
21205,3.72
21218,3.74
21230,3.77
21243,3.79
21255,3.82
21267,3.85
21281,3.87
21293,3.88
21305,3.87
21317,3.87
21330,3.85
21342,3.82
21355,3.78
21368,3.74
21380,3.71
21392,3.66
21405,3.59
21418,3.50
21430,3.42
21442,3.33
21455,3.26
21467,3.19
21480,3.13
21493,3.07
21505,3.01
21517,2.93
21529,2.85
21542,2.73
21555,2.61
21567,2.46
21580,2.29
21592,2.19
21604,2.08
21618,1.93
21630,1.83
21642,1.73
21654,1.57
21667,1.42
21680,1.26
21692,1.10
21705,0.96
21717,0.85
21729,0.68
21741,0.46
21755,0.23
21767,-0.06
21780,-0.42
21794,-0.89
21807,-1.27
21821,-1.57
21835,-1.82
21848,-2.02
21861,-2.15
21875,-2.26
21889,-2.36
21902,-2.50
21916,-2.64
21929,-2.77
21943,-2.86
21956,-2.95
21970,-3.03
21983,-3.13
21996,-3.25
22011,-3.40
22024,-3.55
22037,-3.70
22051,-3.86
22064,-4.02
22078,-4.14
22092,-4.26
22105,-4.36
22118,-4.45
22132,-4.52
22146,-4.55
22159,-4.54
22173,-4.53
22186,-4.53
22199,-4.55
22213,-4.57
22227,-4.57
22240,-4.54
22253,-4.53
22267,-4.52
22281,-4.50
22294,-4.46
22308,-4.42
22321,-4.36
22334,-4.30
22349,-4.16
22362,-4.08
22375,-3.98
22389,-3.86
22402,-3.68
22416,-3.44
22430,-3.03
22443,-2.49
22456,-2.16
22469,-1.93
22484,-1.78
22497,-1.64
22510,-1.49
22524,-1.35
22537,-1.21
22551,-1.03
22565,-0.74
22578,-0.41
22591,-0.07
22605,0.20
22618,0.39
22630,0.54
22643,0.70
22655,0.86
22667,1.06
22680,1.27
22693,1.48
22705,1.65
22717,1.83
22730,2.01
22743,2.17
22755,2.31
22767,2.44
22780,2.57
22792,2.68
22804,2.79
22818,2.90
22830,3.04
22842,3.18
22855,3.37
22867,3.52
22880,3.58
22892,3.61
22905,3.62
22917,3.62
22929,3.63
22943,3.65
22955,3.71
22967,3.78
22979,3.86
22992,3.92
23004,3.94
23017,3.93
23030,3.89
23042,3.86
23054,3.82
23066,3.80
23080,3.78
23092,3.75
23104,3.72
23117,3.70
23129,3.69
23142,3.66
23155,3.63
23167,3.59
23179,3.51
23191,3.41
23204,3.30
23217,3.17
23229,3.03
23242,2.87
23254,2.71
23266,2.57
23279,2.46
23292,2.37
23304,2.26
23316,2.14
23329,2.00
23342,1.87
23354,1.74
23367,1.59
23379,1.44
23391,1.32
23403,1.18
23417,1.03
23429,0.88
23441,0.75
23454,0.62
23466,0.51
23479,0.41
23491,0.28
23504,0.15
23516,0.04
23528,-0.09
23543,-0.28
23556,-0.47
23569,-0.72
23583,-0.96
23596,-1.11
23610,-1.26
23624,-1.39
23637,-1.49
23650,-1.59
23663,-1.69
23678,-1.79
23691,-1.92
23704,-2.07
23718,-2.23
23731,-2.39
23745,-2.56
23759,-2.70
23772,-2.83
23785,-2.95
23799,-3.05
23813,-3.11
23826,-3.16
23840,-3.23
23853,-3.31
23866,-3.43
23881,-3.57
23894,-3.70
23907,-3.85
23921,-3.97
23934,-4.04
23948,-4.11
23961,-4.17
23975,-4.24
23988,-4.31
24001,-4.37
24016,-4.44
24029,-4.51
24042,-4.57
24056,-4.64
24069,-4.70
24083,-4.74
24097,-4.73
24110,-4.71
24123,-4.69
24137,-4.66
24151,-4.64
24164,-4.62
24178,-4.59
24191,-4.57
24204,-4.53
24218,-4.46
24232,-4.36
24245,-4.16
24258,-3.89
24273,-3.52
24286,-3.27
24299,-3.10
24313,-2.95
24326,-2.79
24340,-2.60
24354,-2.27
24367,-1.94
24380,-1.73
24394,-1.55
24408,-1.37
24421,-1.13
24435,-0.82
24448,-0.49
24461,-0.15
24476,0.20
24488,0.45
24500,0.64
24512,0.80
24525,0.97
24537,1.13
24550,1.30
24563,1.47
24575,1.62
24587,1.78
24599,1.93
24613,2.13
24625,2.28
24637,2.44
24650,2.58
24662,2.66
24675,2.72
24687,2.79
24700,2.87
24712,2.96
24724,3.06
24737,3.14
24750,3.19
24762,3.22
24775,3.26
24787,3.28
24799,3.30
24812,3.31
24825,3.33
24837,3.37
24849,3.41
24862,3.47
24875,3.51
24887,3.54
24899,3.55
24912,3.56
24924,3.57
24936,3.56
24950,3.56
24962,3.58
24974,3.58
24986,3.60
24999,3.59
25012,3.61
25024,3.62
25037,3.65
25049,3.69
25061,3.69
25075,3.66
25087,3.62
25099,3.58
25111,3.53
25124,3.47
25136,3.43
25149,3.37
25162,3.33
25174,3.28
25186,3.22
25198,3.12
25212,3.01
25224,2.91
25236,2.77
25249,2.63
25261,2.49
25274,2.30
25287,2.15
25299,1.97
25311,1.82
25323,1.69
25336,1.52
25349,1.40
25361,1.26
25374,1.09
25386,0.93
25398,0.76
25411,0.58
25424,0.42
25436,0.27
25448,0.14
25461,0.01
25474,-0.13
25487,-0.30
25501,-0.52
25514,-0.75
25527,-0.95
25541,-1.15
25555,-1.31
25568,-1.46
25581,-1.63
25595,-1.79
25609,-1.95
25622,-2.10
25636,-2.26
25649,-2.39
25662,-2.52
25677,-2.66
25690,-2.81
25703,-2.93
25717,-3.04
25730,-3.15
25744,-3.26
25758,-3.36
25771,-3.46
25784,-3.53
25797,-3.63
25812,-3.75
25825,-3.90
25838,-4.01
25852,-4.10
25865,-4.12
25879,-4.13
25893,-4.11
25906,-4.11
25919,-4.11
25933,-4.12
25947,-4.15
25960,-4.18
25974,-4.20
25987,-4.22
26000,-4.22
26015,-4.22
26028,-4.20
26041,-4.14
26055,-4.06
26068,-3.94
26082,-3.75
26095,-3.56
26109,-3.36
26122,-3.15
26136,-2.85
26150,-2.41
26163,-1.92
26176,-1.46
26190,-1.46
26204,-1.40
26217,-1.35
26231,-1.21
26244,-1.03
26257,-0.84
26272,-0.63
26285,-0.43
26298,-0.29
26312,-0.13
26325,0.01
26338,0.16
26350,0.33
26363,0.48
26375,0.62
26387,0.76
26400,0.89
26413,1.04
26425,1.23
26437,1.44
26450,1.62
26462,1.77
26475,1.89
26488,2.00
26500,2.06
26512,2.07
26525,2.05
26538,2.02
26550,2.01
26562,1.99
26575,1.98
26587,1.99
26599,2.05
26613,2.15
26625,2.26
26637,2.37
26649,2.47
26662,2.54
26675,2.58
26687,2.61
26700,2.62
26712,2.64
26724,2.67
26738,2.69
26750,2.71
26762,2.73
26774,2.78
26787,2.82
26799,2.87
26812,2.90
26825,2.92
26837,2.95
26849,2.98
26861,3.03
26875,3.07
26887,3.10
26899,3.13
26912,3.14
26924,3.12
26937,3.10
26949,3.05
26962,3.03
26974,3.00
26986,2.95
26999,2.91
27012,2.86
27024,2.81
27037,2.76
27049,2.71
27061,2.67
27074,2.63
27087,2.58
27099,2.55
27111,2.53
27124,2.53
27137,2.50
27149,2.46
27161,2.42
27174,2.34
27186,2.27
27198,2.13
27212,1.93
27224,1.78
27236,1.62
27249,1.47
27261,1.29
27274,1.13
27286,0.99
27299,0.88
27311,0.78
27323,0.69
27337,0.60
27349,0.47
27361,0.40
27373,0.31
27386,0.26
27398,0.19
27411,0.09
27424,-0.04
27437,-0.20
27450,-0.31
27464,-0.35
27478,-0.33
27491,-0.27
27505,-0.19
27518,-0.16
27531,-0.13
27545,-0.12
27559,-0.11
27572,-0.14
27585,-0.20
27599,-0.27
27613,-0.33
27626,-0.38
27640,-0.41
27653,-0.40
27667,-0.37
27681,-0.33
27694,-0.30
27707,-0.27
27721,-0.27
27735,-0.28
27748,-0.28
27762,-0.28
27775,-0.26
27788,-0.27
27802,-0.27
27816,-0.28
27829,-0.31
27842,-0.35
27856,-0.40
27870,-0.44
27883,-0.49
27897,-0.54
27910,-0.59
27923,-0.62
27938,-0.64
27951,-0.65
27964,-0.63
27978,-0.58
27991,-0.54
28005,-0.48
28019,-0.41
28032,-0.32
28045,-0.20
28058,-0.08
28073,0.07
28085,0.17
28097,0.25
28110,0.32
28122,0.37
28135,0.38
28148,0.37
28160,0.37
28172,0.39
28184,0.40
28197,0.39
28210,0.39
28222,0.40
28235,0.44
28247,0.44
28259,0.39
28273,0.33
28285,0.29
28297,0.28
28309,0.10
28322,-0.15
28336,-0.31
28349,-0.36
28363,-0.28
28376,-0.12
28389,0.01
28403,0.10
28415,0.14
28427,0.14
28439,0.20
28452,0.27
28464,0.37
28477,0.50
28490,0.61
28502,0.70
28514,0.79
28526,0.89
28540,0.96
28552,1.03
28564,1.07
28577,1.12
28589,1.16
28602,1.19
28615,1.24
28627,1.31
28639,1.37
28651,1.41
28664,1.45
28677,1.48
28689,1.47
28702,1.45
28714,1.44
28726,1.45
28739,1.47
28752,1.51
28764,1.56
28776,1.61
28789,1.64
28802,1.66
28814,1.66
28826,1.68
28839,1.70
28851,1.71
28863,1.71
28877,1.70
28889,1.69
28901,1.67
28914,1.65
28926,1.65
28939,1.65
28951,1.64
28964,1.66
28976,1.66
28988,1.66
29002,1.63
29014,1.62
29026,1.61
29038,1.59
29051,1.56
29063,1.50
29076,1.44
29089,1.32
29101,1.18
29113,1.05
29125,0.94
29139,0.82
29151,0.74
29163,0.67
29176,0.59
29188,0.51
29201,0.39
29214,0.28
29226,0.21
29238,0.13
29250,0.07
29263,-0.00
29277,-0.06
29290,-0.14
29304,-0.23
29317,-0.31
29331,-0.36
29345,-0.39
29358,-0.41
29371,-0.48
29385,-0.56
29399,-0.66
29412,-0.75
29426,-0.86
29439,-0.97
29452,-1.02
29466,-1.07
29480,-1.09
29493,-1.12
29506,-1.14
29520,-1.16
29534,-1.18
29547,-1.21
29561,-1.23
29574,-1.25
29587,-1.27
29602,-1.28
29615,-1.29
29628,-1.33
29642,-1.35
29655,-1.38
29669,-1.41
29683,-1.43
29696,-1.44
29709,-1.45
29722,-1.47
29737,-1.49
29750,-1.52
29763,-1.55
29777,-1.56
29790,-1.57
29804,-1.56
29818,-1.54
29831,-1.52
29844,-1.47
29858,-1.42
29872,-1.36
29885,-1.26
29899,-1.16
29912,-1.05
29925,-0.82
29940,-0.69
29953,-0.59
29966,-0.49
29980,-0.34
29993,-0.18
30007,-0.07
30020,0.03
30033,0.13
30045,0.21
30057,0.27
30071,0.36
30083,0.47
30095,0.64
30108,0.88
30120,1.14
30133,1.28
30145,1.37
30158,1.47
30170,1.54
30182,1.63
30195,1.73
30208,1.78
30220,1.81
30232,1.84
30245,1.89
30257,1.96
30270,2.03
30283,2.15
30295,2.25
30307,2.31
30319,2.36
30333,2.37
30345,2.38
30357,2.39
30370,2.42
30382,2.45
30394,2.47
30408,2.48
30420,2.51
30432,2.54
30444,2.55
30457,2.58
30470,2.58
30482,2.57
30495,2.56
30507,2.53
30519,2.53
30532,2.55
30545,2.57
30557,2.58
30569,2.59
30582,2.60
30594,2.61
30607,2.61
30620,2.58
30632,2.53
30644,2.46
30656,2.39
30670,2.34
30682,2.30
30694,2.26
30707,2.23
30719,2.18
30732,2.12
30744,2.01
30757,1.86
30769,1.69
30781,1.59
30794,1.49
30807,1.40
30819,1.26
30831,1.07
30844,0.92
30856,0.74
30869,0.56
30882,0.39
30894,0.27
30906,0.14
30919,0.03
30932,-0.08
30945,-0.18
30958,-0.28
30972,-0.41
30985,-0.56
30999,-0.75
31013,-0.93
31026,-1.06
31039,-1.18
31053,-1.32
31067,-1.49
31080,-1.63
31094,-1.80
31107,-1.93
31120,-2.07
31135,-2.21
31148,-2.34
31161,-2.46
31175,-2.59
31188,-2.70
31202,-2.88
31215,-3.06
31229,-3.25
31242,-3.43
31255,-3.61
31270,-3.79
31283,-3.90
31296,-3.98
31310,-4.03
31323,-4.05
31337,-4.06
31351,-4.08
31364,-4.11
31377,-4.14
31391,-4.16
31405,-4.16
31418,-4.16
31432,-4.13
31445,-4.09
31458,-4.04
31473,-3.94
31486,-3.85
31499,-3.75
31512,-3.64
31526,-3.51
31540,-3.33
31553,-3.14
31567,-2.93
31580,-2.78
31594,-2.59
31608,-2.31
31621,-1.95
31634,-1.50
31648,-1.39
31662,-1.29
31675,-1.26
31689,-1.17
31702,-1.06
31715,-0.91
31730,-0.74
31743,-0.61
31756,-0.54
31769,-0.48
31783,-0.43
31797,-0.35
31810,-0.25
31824,-0.12
31837,0.05
31849,0.21
31863,0.32
31875,0.40
31887,0.45
31900,0.52
31912,0.61
31924,0.70
31937,0.83
31950,0.95
31962,1.02
31974,1.09
31987,1.16
32000,1.24
32012,1.35
32024,1.51
32037,1.67
32049,1.80
32062,1.92
32075,2.02
32087,2.09
32099,2.14
32111,2.19
32124,2.24
32137,2.28
32149,2.32
32162,2.36
32174,2.41
32186,2.43
32200,2.46
32212,2.51
32224,2.57
32236,2.64
32249,2.70
32262,2.74
32274,2.75
32287,2.77
32299,2.78
32311,2.79
32323,2.80
32337,2.83
32349,2.86
32361,2.89
32374,2.89
32386,2.87
32399,2.85
32412,2.82
32424,2.81
32436,2.79
32448,2.80
32462,2.78
32474,2.75
32486,2.72
32499,2.65
32511,2.58
32523,2.51
32536,2.45
32549,2.35
32561,2.29
32573,2.17
32586,2.04
32599,1.92
32611,1.80
32623,1.68
32636,1.62
32648,1.57
32661,1.56
32674,1.53
32686,1.51
32698,1.48
32711,1.47
32723,1.45
32736,1.43
32748,1.33
32761,1.19
32773,1.05
32785,0.85
32799,0.61
32811,0.38
32823,0.16
32835,-0.07
32849,-0.24
32863,-0.38
32876,-0.50
32890,-0.65
32903,-0.81
32916,-0.94
32931,-1.07
32944,-1.18
32957,-1.29
32971,-1.43
32984,-1.56
32998,-1.68
33012,-1.89
33025,-2.18
33038,-2.49
33052,-2.81
33066,-3.05
33079,-3.25
33092,-3.40
33106,-3.47
33119,-3.50
33133,-3.54
33147,-3.58
33160,-3.60
33173,-3.61
33187,-3.64
33201,-3.69
33214,-3.75
33228,-3.81
33241,-3.85
33254,-3.86
33269,-3.89
33282,-3.91
33295,-3.94
33309,-3.94
33322,-3.94
33336,-3.93
33349,-3.92
33363,-3.90
33376,-3.86
33389,-3.81
33404,-3.75
33417,-3.65
33430,-3.45
33444,-3.16
33458,-2.98
33471,-2.80
33485,-2.55
33498,-2.19
33511,-1.84
33526,-1.50
33539,-1.21
33552,-0.94
33566,-0.66
33579,-0.42
33593,-0.10
33607,0.07
33619,0.10
33631,0.10
33643,0.09
33656,0.10
33669,0.14
33681,0.20
33694,0.23
33706,0.25
33718,0.30
33731,0.35
33744,0.40
33756,0.47
33768,0.62
33781,0.84
33794,1.02
33806,1.13
33818,1.23
33831,1.30
33843,1.36
33855,1.42
33869,1.48
33881,1.57
33893,1.65
33906,1.71
33918,1.77
33931,1.81
33943,1.85
33956,1.90
33968,1.93
33980,1.94
33994,1.97
34006,1.98
34018,2.00
34030,2.04
34043,2.10
34055,2.14
34068,2.18
34081,2.19
34093,2.19
34105,2.18
34117,2.18
34131,2.18
34143,2.20
34155,2.21
34168,2.22
34180,2.23
34193,2.22
34206,2.21
34218,2.20
34230,2.19
34242,2.18
34255,2.16
34268,2.12
34280,2.10
34293,2.06
34305,2.01
34317,1.93
34330,1.84
34343,1.77
34355,1.73
34367,1.68
34380,1.62
34393,1.60
34405,1.59
34418,1.56
34430,1.49
34442,1.39
34454,1.26
34468,1.16
34480,1.02
34492,0.85
34505,0.70
34517,0.56
34530,0.43
34542,0.28
34555,0.13
34567,-0.03
34580,-0.19
34595,-0.33
34608,-0.43
34621,-0.47
34635,-0.50
34648,-0.62
34662,-0.78
34676,-1.02
34689,-1.23
34702,-1.44
34716,-1.70
34730,-1.93
34743,-2.17
34756,-2.41
34770,-2.65
34783,-2.87
34797,-3.07
34811,-3.25
34824,-3.35
34837,-3.43
34851,-3.50
34865,-3.53
34878,-3.59
34892,-3.70
34905,-3.83
34918,-3.91
34933,-4.01
34946,-4.11
34959,-4.22
34973,-4.32
34986,-4.44
35000,-4.52
35013,-4.58
35027,-4.63
35040,-4.63
35053,-4.61
35068,-4.60
35081,-4.58
35094,-4.56
35108,-4.55
35122,-4.53
35135,-4.53
35149,-4.52
35162,-4.50
35175,-4.46
35190,-4.34
35203,-4.23
35216,-4.12
35230,-4.00
35243,-3.88
35257,-3.67
35271,-3.49
35284,-3.41
35297,-3.34
35310,-3.22
35325,-3.08
35338,-2.91
35351,-2.75
35365,-2.59
35378,-2.45
35392,-2.29
35406,-2.10
35419,-1.88
35432,-1.62
35446,-1.37
35460,-1.18
35473,-1.01
35487,-0.89
35500,-0.78
35513,-0.69
35528,-0.58
35541,-0.41
35554,-0.13
35567,0.17
35580,0.36
35593,0.51
35605,0.61
35618,0.72
35630,0.80
35642,0.89
35656,0.97
35668,1.06
35680,1.16
35692,1.28
35705,1.38
35717,1.49
35730,1.61
35743,1.74
35755,1.87
35767,1.99
35779,2.09
35793,2.17
35805,2.25
35817,2.37
35830,2.57
35842,2.78
35855,2.90
35868,3.00
35880,3.06
35892,3.09
35904,3.10
35917,3.12
35930,3.14
35942,3.20
35955,3.29
35967,3.36
35979,3.44
35992,3.47
36005,3.48
36017,3.51
36029,3.55
36042,3.57
36055,3.57
36067,3.56
36079,3.53
36092,3.50
36104,3.48
36116,3.45
36130,3.40
36142,3.34
36154,3.27
36167,3.20
36179,3.15
36192,3.11
36204,3.09
36217,3.07
36229,3.06
36241,3.03
36255,2.96
36267,2.89
36279,2.82
36291,2.73
36304,2.66
36316,2.56
36329,2.44
36342,2.30
36354,2.17
36366,2.07
36378,1.98
36392,1.91
36404,1.86
36416,1.82
36429,1.79
36441,1.77
36454,1.69
36467,1.61
36479,1.50
36491,1.36
36503,1.17
36516,0.96
36529,0.76
36541,0.57
36554,0.40
36566,0.28
36578,0.15
36591,-0.02
36605,-0.24
36618,-0.44
36631,-0.64
36645,-0.80
36659,-0.93
36672,-1.06
36686,-1.25
36699,-1.44
36712,-1.67
36727,-1.88
36740,-2.04
36753,-2.23
36767,-2.36
36780,-2.47
36794,-2.59
36808,-2.73
36821,-2.90
36834,-3.05
36847,-3.22
36862,-3.35
36875,-3.46
36888,-3.54
36902,-3.62
36915,-3.66
36929,-3.70
36943,-3.71
36956,-3.72
36969,-3.76
36983,-3.83
36997,-3.92
37010,-4.02
37024,-4.09
37037,-4.11
37050,-4.10
37065,-4.09
37078,-4.08
37091,-4.07
37105,-4.07
37119,-4.10
37132,-4.14
37145,-4.20
37159,-4.29
37172,-4.37
37186,-4.41
37200,-4.43
37213,-4.42
37226,-4.40
37240,-4.36
37254,-4.33
37267,-4.29
37281,-4.23
37294,-4.16
37307,-4.09
37322,-3.93
37335,-3.68
37348,-3.35
37362,-3.15
37375,-2.98
37389,-2.82
37402,-2.61
37416,-2.39
37429,-2.20
37442,-2.04
37457,-1.90
37470,-1.77
37483,-1.65
37497,-1.50
37510,-1.39
37524,-1.29
37538,-1.19
37551,-1.10
37564,-0.94
37578,-0.69
37592,-0.56
37605,-0.39
37619,-0.21
37632,0.01
37644,0.23
37657,0.42
37670,0.59
37682,0.81
37694,1.03
37707,1.27
37720,1.51
37732,1.66
37745,1.74
37757,1.82
37769,1.86
37781,1.90
37795,1.94
37807,1.98
37819,2.05
37832,2.16
37844,2.28
37857,2.38
37869,2.47
37882,2.53
37894,2.59
37906,2.64
37920,2.71
37932,2.77
37944,2.87
37956,3.05
37969,3.23
37981,3.26
37994,3.28
38007,3.25
38019,3.25
38031,3.26
38044,3.26
38057,3.25
38069,3.24
38081,3.21
38094,3.18
38106,3.14
38119,3.09
38132,3.08
38144,3.06
38156,3.07
38168,3.07
38181,3.04
38194,2.97
38206,2.89
38219,2.79
38231,2.71
38243,2.63
38257,2.55
38269,2.45
38281,2.34
38293,2.25
38306,2.19
38319,2.15
38331,2.15
38344,2.13
38356,2.04
38368,1.95
38380,1.80
38394,1.58
38406,1.38
38418,1.18
38431,0.99
38443,0.85
38456,0.69
38468,0.53
38481,0.40
38493,0.24
38505,0.07
38519,-0.15
38532,-0.41
38545,-0.80
38559,-1.25
38572,-1.60
38586,-1.82
38600,-1.99
38613,-2.12
38626,-2.26
38639,-2.43
38654,-2.61
38667,-2.80
38680,-2.99
38694,-3.09
38707,-3.16
38721,-3.22
38735,-3.29
38748,-3.37
38761,-3.46
38775,-3.58
38789,-3.75
38802,-3.92
38816,-4.06
38829,-4.22
38842,-4.30
38857,-4.38
38870,-4.43
38883,-4.48
38897,-4.50
38910,-4.52
38924,-4.54
38937,-4.60
38951,-4.66
38964,-4.69
38977,-4.70
38992,-4.69
39005,-4.68
39018,-4.68
39032,-4.71
39045,-4.74
39059,-4.73
39073,-4.73
39086,-4.71
39099,-4.69
39113,-4.64
39127,-4.59
39140,-4.49
39154,-4.38
39167,-4.26
39180,-4.12
39194,-3.89
39208,-3.61
39221,-3.24
39234,-3.07
39249,-2.89
39262,-2.73
39275,-2.56
39289,-2.33
39302,-2.14
39316,-1.96
39330,-1.81
39343,-1.70
39356,-1.61
39370,-1.52
39384,-1.43
39397,-1.29
39411,-1.10
39424,-0.94
39437,-0.82
39452,-0.73
39465,-0.65
39478,-0.52
39491,-0.31
39505,-0.11
39519,0.04
39531,0.14
39544,0.25
39556,0.34
39568,0.43
39582,0.51
39594,0.58
39606,0.64
39618,0.73
39631,0.82
39643,0.95
39656,1.11
39669,1.27
39681,1.39
39693,1.45
39705,1.50
39719,1.52
39731,1.54
39743,1.63
39756,1.73
39768,1.87
39781,2.03
39794,2.13
39806,2.24
39818,2.33
39830,2.38
39843,2.43
39856,2.47
39868,2.50
39881,2.52
39893,2.54
39905,2.56
39918,2.59
39931,2.63
39943,2.66
39955,2.65
39968,2.63
39981,2.60
39993,2.58